CREATE CACHED TABLE "PRODUCTS"("CATEGORY" INTEGER,"IMAGE" VARCHAR,"ID" VARCHAR,"PRICE" VARCHAR,"TAX" VARCHAR,"TOTALPRICE" VARCHAR)
SET TABLE "PRODUCTS" INDEX '424 14'
CREATE USER SA PASSWORD "" ADMIN
CREATE ALIAS PI FOR "SharpHsql.Library.PI"
CREATE ALIAS LCASE FOR "SharpHsql.Library.Lcase"
CREATE ALIAS MONTH FOR "SharpHsql.Library.Month"
CREATE ALIAS BITAND FOR "SharpHsql.Library.Bitand"
CREATE ALIAS MINUTE FOR "SharpHsql.Library.Minute"
CREATE ALIAS RIGHT FOR "SharpHsql.Library.Right"
CREATE ALIAS SIGN FOR "SharpHsql.Library.Sign"
CREATE ALIAS FLOOR FOR "SharpHsql.Library.Floor"
CREATE ALIAS ACOS FOR "SharpHsql.Library.Acos"
CREATE ALIAS CHAR FOR "SharpHsql.Library.Character"
CREATE ALIAS CURTIME FOR "SharpHsql.Library.Curtime"
CREATE ALIAS EXISTS FOR "SharpHsql.Library.Exists"
CREATE ALIAS REPLACE FOR "SharpHsql.Library.Replace"
CREATE ALIAS UCASE FOR "SharpHsql.Library.Ucase"
CREATE ALIAS DAYOFMONTH FOR "SharpHsql.Library.Dayofmonth"
CREATE ALIAS COS FOR "SharpHsql.Library.Cos"
CREATE ALIAS DAYOFWEEK FOR "SharpHsql.Library.Dayofweek"
CREATE ALIAS ROUNDMAGIC FOR "SharpHsql.Library.RoundMagic"
CREATE ALIAS ABS FOR "SharpHsql.Library.Abs"
CREATE ALIAS NOW FOR "SharpHsql.Library.Now"
CREATE ALIAS EXP FOR "SharpHsql.Library.Exp"
CREATE ALIAS CEILING FOR "SharpHsql.Library.Ceiling"
CREATE ALIAS SECOND FOR "SharpHsql.Library.Second"
CREATE ALIAS LOG FOR "SharpHsql.Library.Log"
CREATE ALIAS LENGTH FOR "SharpHsql.Library.Length"
CREATE ALIAS LOG10 FOR "SharpHsql.Library.Log10"
CREATE ALIAS RTRIM FOR "SharpHsql.Library.Rtrim"
CREATE ALIAS IDENTITY FOR "SharpHsql.Library.Identity"
CREATE ALIAS SOUNDEX FOR "SharpHsql.Library.Soundex"
CREATE ALIAS TAN FOR "SharpHsql.Library.Tan"
CREATE ALIAS ATAN2 FOR "SharpHsql.Library.Atan2"
CREATE ALIAS BITOR FOR "SharpHsql.Library.Bitor"
CREATE ALIAS DATABASE FOR "SharpHsql.Library.Database"
CREATE ALIAS RAND FOR "SharpHsql.Library.Rand"
CREATE ALIAS RADIANS FOR "SharpHsql.Library.Radians"
CREATE ALIAS SPACE FOR "SharpHsql.Library.Space"
CREATE ALIAS LEFT FOR "SharpHsql.Library.Left"
CREATE ALIAS ASCII FOR "SharpHsql.Library.Ascii"
CREATE ALIAS LTRIM FOR "SharpHsql.Library.Ltrim"
CREATE ALIAS WEEK FOR "SharpHsql.Library.Week"
CREATE ALIAS DAYOFYEAR FOR "SharpHsql.Library.Dayofyear"
CREATE ALIAS HOUR FOR "SharpHsql.Library.Hour"
CREATE ALIAS COT FOR "SharpHsql.Library.Cot"
CREATE ALIAS MONTHNAME FOR "SharpHsql.Library.Monthname"
CREATE ALIAS YEAR FOR "SharpHsql.Library.Year"
CREATE ALIAS TRUNCATE FOR "SharpHsql.Library.Truncate"
CREATE ALIAS ATAN FOR "SharpHsql.Library.Atan"
CREATE ALIAS DEGREES FOR "SharpHsql.Library.Degrees"
CREATE ALIAS REPEAT FOR "SharpHsql.Library.Repeat"
CREATE ALIAS LOWER FOR "SharpHsql.Library.Lcase"
CREATE ALIAS SQRT FOR "SharpHsql.Library.Sqrt"
CREATE ALIAS SIN FOR "SharpHsql.Library.Sin"
CREATE ALIAS MOD FOR "SharpHsql.Library.Mod"
CREATE ALIAS DIFFERENCE FOR "SharpHsql.Library.Difference"
CREATE ALIAS DAYNAME FOR "SharpHsql.Library.Dayname"
CREATE ALIAS ROUND FOR "SharpHsql.Library.Round"
CREATE ALIAS SUBSTRING FOR "SharpHsql.Library.Substring"
CREATE ALIAS POWER FOR "SharpHsql.Library.Pow"
CREATE ALIAS UPPER FOR "SharpHsql.Library.Ucase"
CREATE ALIAS LOCATE FOR "SharpHsql.Library.Locate"
CREATE ALIAS INSERT FOR "SharpHsql.Library.Insert"
CREATE ALIAS ASIN FOR "SharpHsql.Library.Asin"
CREATE ALIAS CURDATE FOR "SharpHsql.Library.Curdate"
CREATE ALIAS CONCAT FOR "SharpHsql.Library.Concat"
CREATE ALIAS USER FOR "SharpHsql.Library.User"
CREATE ALIAS QUARTER FOR "SharpHsql.Library.Quarter"
/*C2*/CONNECT USER sa PASSWORD ""
